[debug] [2021-04-16T03:02:22.877Z] ----------------------------------------------------------------------
[debug] [2021-04-16T03:02:22.880Z] Command:       C:\Program Files\nodejs\node.exe C:\Users\majot\AppData\Roaming\npm\node_modules\firebase-tools\lib\bin\firebase.js init
[debug] [2021-04-16T03:02:22.880Z] CLI Version:   9.10.0
[debug] [2021-04-16T03:02:22.880Z] Platform:      win32
[debug] [2021-04-16T03:02:22.880Z] Node Version:  v14.15.3
[debug] [2021-04-16T03:02:22.881Z] Time:          Fri Apr 16 2021 09:02:22 GMT+0600 (Bangladesh Standard Time)
[debug] [2021-04-16T03:02:22.881Z] ----------------------------------------------------------------------
[debug] 
[debug] [2021-04-16T03:02:22.889Z] > command requires scopes: ["email","openid","https://www.googleapis.com/auth/cloudplatformprojects.readonly","https://www.googleapis.com/auth/firebase","https://www.googleapis.com/auth/cloud-platform"]
[debug] [2021-04-16T03:02:22.889Z] > authorizing via signed-in user (majoti420@gmail.com)
[info] 
     ######## #### ########  ######## ########     ###     ######  ########
     ##        ##  ##     ## ##       ##     ##  ##   ##  ##       ##
     ######    ##  ########  ######   ########  #########  ######  ######
     ##        ##  ##    ##  ##       ##     ## ##     ##       ## ##
     ##       #### ##     ## ######## ########  ##     ##  ######  ########

You're about to initialize a Firebase project in this directory:

  C:\Projects\doctors-portal\client

Before we get started, keep in mind:

  * You are currently outside your home directory

